1518091498275	geckodriver	INFO	geckodriver 0.19.1
1518091498354	geckodriver	INFO	Listening on 127.0.0.1:53557
1518091501734	geckodriver	INFO	geckodriver 0.19.1
1518091501780	geckodriver	INFO	Listening on 127.0.0.1:53565
1518094338141	geckodriver	INFO	geckodriver 0.19.1
1518094338167	geckodriver	INFO	Listening on 127.0.0.1:55182
1518094341470	geckodriver	INFO	geckodriver 0.19.1
1518094341499	geckodriver	INFO	Listening on 127.0.0.1:55190
1518180230294	geckodriver	INFO	geckodriver 0.19.1
1518180230331	geckodriver	INFO	Listening on 127.0.0.1:60919
1518180234370	geckodriver	INFO	geckodriver 0.19.1
1518180234429	geckodriver	INFO	Listening on 127.0.0.1:60927
1518412485986	geckodriver	INFO	geckodriver 0.19.1
1518412486022	geckodriver	INFO	Listening on 127.0.0.1:51578
1518412489964	geckodriver	INFO	geckodriver 0.19.1
1518412490000	geckodriver	INFO	Listening on 127.0.0.1:51586
1518414004530	geckodriver	INFO	geckodriver 0.19.1
1518414004582	geckodriver	INFO	Listening on 127.0.0.1:52530
1518414007596	mozrunner::runner	INFO	Running command: "C:\\Program Files (x86)\\Mozilla Firefox\\firefox.exe" "-marionette" "-profile" "C:\\Users\\BALJEE~1\\AppData\\Local\\Temp\\rust_mozprofile.iBWtzLqmfj0y"
1518414009663	Marionette	INFO	Enabled via --marionette
1518414015210	Marionette	INFO	Listening on port 52542
1518414015507	Marionette	WARN	TLS certificate errors will be ignored for this session
Unable to read VR Path Registry from C:\Users\BALJEET SINGH\AppData\Local\openvr\openvrpaths.vrpath
[Parent 8540, Gecko_IOThread] WARNING: pipe error: 109: file z:/build/build/src/ipc/chromium/src/chrome/common/ipc_channel_win.cc, line 346
Unable to read VR Path Registry from C:\Users\BALJEET SINGH\AppData\Local\openvr\openvrpaths.vrpath
[Child 7964, Chrome_ChildThread] WARNING: pipe error: 109: file z:/build/build/src/ipc/chromium/src/chrome/common/ipc_channel_win.cc, line 346
[Child 7964, Chrome_ChildThread] WARNING: pipe error: 109: file z:/build/build/src/ipc/chromium/src/chrome/common/ipc_channel_win.cc, line 346

###!!! [Child][MessageChannel::SendAndWait] Error: Channel error: cannot send/recv

1518418820468	geckodriver	INFO	geckodriver 0.19.1
1518418820521	geckodriver	INFO	Listening on 127.0.0.1:56237
1518418823469	mozrunner::runner	INFO	Running command: "C:\\Program Files (x86)\\Mozilla Firefox\\firefox.exe" "-marionette" "-profile" "C:\\Users\\BALJEE~1\\AppData\\Local\\Temp\\rust_mozprofile.9yiZ69lsvHl6"
1518418825988	Marionette	INFO	Enabled via --marionette
1518418832077	Marionette	INFO	Listening on port 56245
1518418833048	Marionette	WARN	TLS certificate errors will be ignored for this session
Unable to read VR Path Registry from C:\Users\BALJEET SINGH\AppData\Local\openvr\openvrpaths.vrpath
[Parent 9288, Gecko_IOThread] WARNING: pipe error: 109: file z:/build/build/src/ipc/chromium/src/chrome/common/ipc_channel_win.cc, line 346
[Parent 9288, Gecko_IOThread] WARNING: pipe error: 109: file z:/build/build/src/ipc/chromium/src/chrome/common/ipc_channel_win.cc, line 346

###!!! [Child][MessageChannel::SendAndWait] Error: Channel error: cannot send/recv

cate errors will be ignored for this session
Unable to read VR Path Registry from C:\Users\BALJEET SINGH\AppData\Local\openvr\openvrpaths.vrpath
[Parent 1692, Gecko_IOThread] WARNING: pipe error: 109: file z:/build/build/src/ipc/chromium/src/chrome/common/ipc_channel_win.cc, line 346
[Parent 1692, Gecko_IOThread] WARNING: pipe error: 109: file z:/build/build/src/ipc/chromium/src/chrome/common/ipc_channel_win.cc, line 346
Unable to read VR Path Registry from C:\Users\BALJEET SINGH\AppData\Local\openvr\openvrpaths.vrpath
[Child 1004, Chrome_ChildThread] WARNING: pipe error: 109: file z:/build/build/src/ipc/chromium/src/chrome/common/ipc_channel_win.cc, line 346
Unable to read VR Path Registry from C:\Users\BALJEET SINGH\AppData\Local\openvr\openvrpaths.vrpath
[Child 1400, Chrome_ChildThread] WARNING: pipe error: 109: file z:/build/build/src/ipc/chromium/src/chrome/common/ipc_channel_win.cc, line 346

###!!! [Child][MessageChannel::SendAndWait] Error: Channel error: cannot send/recv

chrome/common/ipc_channel_win.cc, line 346
[Parent 5232, Gecko_IOThread] WARNING: pipe error: 109: file z:/build/build/src/ipc/chromium/src/chrome/common/ipc_channel_win.cc, line 346
[Parent 5232, Gecko_IOThread] WARNING: pipe error: 109: file z:/build/build/src/ipc/chromium/src/chrome/common/ipc_channel_win.cc, liUnable to read VR Path Registry from C:\Users\BALJEET SINGH\AppData\Local\openvr\openvrpaths.vrpath
[Parent 14812, Gecko_IOThread] WARNING: pipe error: 109: file z:/build/build/src/ipc/chromium/src/chrome/common/ipc_channel_win.cc, line 346
[Parent 14812, Gecko_IOThread] WARNING: pipe error: 109: file z:/build/build/src/ipc/chromium/src/chrome/common/ipc_channel_win.cc, line 346
Unable to read VR Path Registry from C:\Users\BALJEET SINGH\AppData\Local\openvr\openvrpaths.vrpath
[Child 7328, Chrome_ChildThreadUnable to read VR Path Registry from C:\Users\BALJEET SINGH\AppData\Local\openvr\openvrpaths.vrpath
[Parent 10864, Gecko_IOThread] WARNING: pipe error: 109: file z:/build/build/src/ipc/chromium/src/chrome/common/ipc_channel_win.cc, line 346
Unable to read VR Path Registry from C:\Users\BALJEET SINGH\AppData\Local\openvr\openvrpaths.vrpath
[Child 1896, Chrome_ChildThread] WARNING: pipe error: 109: file z:/build/build/src/ipc/chromium/src/chrome/common/ipc_channel_win.cc, line 346
[Parent 10864, Gecko_IOThread] WARNING: pipe error: 109: file z:/build/build/src/ipc/chromium/src/chrome/common/ipc_channel_win.cc, line 346

###!!! [Child][MessageChannel::SendAndWait] Error: Channel error: cannot send/recv

ome/common/ipc_channel_win.cc, line 346

###!!! [Child][MessageChannel::SendAndWait] Error: Channel error: cannot send/recv

1518526386660	geckodriver	INFO	geckodriver 0.19.1
1518526386705	geckodriver	INFO	Listening on 127.0.0.1:64829
1518526389706	mozrunner::runner	INFO	Running command: "C:\\Program Files (x86)\\Mozilla Firefox\\firefox.exe" "-marionette" "-profile" "C:\\Users\\BALJEE~1\\AppData\\Local\\Temp\\rust_mozprofile.0B7lYCRZDMWm"
Unable to read VR Path Registry from C:\Users\BALJEET SINGH\AppData\Local\openvr\openvrpaths.vrpath
1518526395853	Marionette	INFO	Enabled via --marionette
Unable to read VR Path Registry from C:\Users\BALJEET SINGH\AppData\Local\openvr\openvrpaths.vrpath
Unable to read VR Path Registry from C:\Users\BALJEET SINGH\AppData\Local\openvr\openvrpaths.vrpath
Unable to read VR Path Registry from C:\Users\BALJEET SINGH\AppData\Local\openvr\openvrpaths.vrpath
Unable to read VR Path Registry from C:\Users\BALJEET SINGH\AppData\Local\openvr\openvrpaths.vrpath
1518526404657	Marionette	INFO	Listening on port 64837
1518526405731	Marionette	WARN	TLS certificate errors will be ignored for this session
[Child 7012, Chrome_ChildThread] WARNING: pipe error: 109: file z:/build/build/src/ipc/chromium/src/chrome/common/ipc_channel_win.cc, line 346
[Child 7012, Chrome_Chil[Parent 8188, Gecko_IOThread] WARNING: pipe error: 109: file z:/build/build/src/ipc/chromium/src/chrome/common/ipc_channel_win.cc, line 346
[Child 5704, Chrome_ChildThread] WARNING: pipe error: 109: file z:/build/build/src/ipc/chromium/src/chrome/common/ipc_channel_win.cc, line 346
[Child 5704,[Child 11524, Chrome_ChildThread] WARNING: pipe error: 109: file z:/build/build/src/ipc/chromium/src/chrome/common/ipc_channel_win.cc, line 346
[Child 11524, Chrome_Chil
###!!! [Child][MessageChannel::SendAndWait] Error: Channel error: cannot send/recv

\BALJEET SINGH\AppData\Local\openvr\openvrpaths.vrpath
Unable to read VR Path Registry from C:\Users\BALJEET SINGH\AppData\Local\openvr\openvrpaths.vrpath
1518526480945	Marionette	INFO	Listening on port 65112
1518526481451	Marionette	WARN	TLS certificate errors will be ignored for this session
[Child 4504, Chrome_ChildThread] WARNING: pipe error: 109: file z:/build/build/src/ipc/chromium/src/chrome/common/ipc_channel_win.cc, line 346
[Child 4504, Chrome_ChildThread] WARNING: pipe error: 109: file z:/build/build/src/ipc/chromium/src/chrome/common/ipc_channel_win.cc, line 346
[Child 1291
###!!! [Child][MessageChannel::SendAndWait] Error: Channel error: cannot send/recv

1518584153764	geckodriver	INFO	geckodriver 0.19.1
1518584153802	geckodriver	INFO	Listening on 127.0.0.1:50726
1518584156773	mozrunner::runner	INFO	Running command: "C:\\Program Files (x86)\\Mozilla Firefox\\firefox.exe" "-marionette" "-profile" "C:\\Users\\BALJEE~1\\AppData\\Local\\Temp\\rust_mozprofile.CTjRidd0SCxw"
Unable to read VR Path Registry from C:\Users\BALJEET SINGH\AppData\Local\openvr\openvrpaths.vrpath
1518584162634	Marionette	INFO	Enabled via --marionette
Unable to read VR Path Registry from C:\Users\BALJEET SINGH\AppData\Local\openvr\openvrpaths.vrpath
Unable to read VR Path Registry from C:\Users\BALJEET SINGH\AppData\Local\openvr\openvrpaths.vrpath
Unable to read VR Path Registry from C:\Users\BALJEET SINGH\AppData\Local\openvr\openvrpaths.vrpath
Unable to read VR Path Registry from C:\Users\BALJEET SINGH\AppData\Local\openvr\openvrpaths.vrpath
1518584171249	Marionette	INFO	Listening on port 50734
1518584171669	Marionette	WARN	TLS certificate errors will be ignored for this session
[Child 6924, Chrome_ChildThread] WARNING: pipe error: 109: file z:/build/build/src/ipc/chromium/src/chrome/common/ipc_channel_win.cc, line 346
[Child 6924, Chrome_ChildThre[Parent 8508, Gecko_IOThread] WARNING: pipe error: 109: file z:/build/build/src/ipc/chromium/src/chrome/common/ipc_channel_win.cc, line 346
[Child 9596, Chrome_ChildThread] WARNING: pipe error: 109: file z:/build/build/src/ipc/chromium/src/chrome/common/ipc_channel_win.cc, line 346
[Child 9596, Chrome_ChildT
###!!! [Child][MessageChannel::SendAndWait] Error: Channel error: cannot send/recv

ath
Unable to read VR Path Registry from C:\Users\BALJEET SINGH\AppData\Local\openvr\openvrpaths.vrpath
Unable to read VR Path Registry from C:\Users\BALJEET SINGH\AppData\Local\openvr\openvrpaths.vrpath
Unable to read VR Path Registry from C:\Users\BALJEET SINGH\AppData\Local\openvr\openvrpaths.vrpath
1518584229025	Marionette	INFO	Listening on port 50939
1518584229133	Marionette	WARN	TLS certificate errors will be ignored for this session
[Parent 7360, Gecko_IOThread] WARNING: pipe error: 109: file z:/build/build/src/ipc/chromium/src/chrome/common/ipc_channel_win.cc, line 346
[Child 3812, Chrome_ChildThread] WARNING: pipe error: 109: file z:/build/build/src/ipc/chromium/src/chrome/common/ipc_channel_win.cc, line 346
[Child 3812, Chrome_[Parent 7360, Gecko_IOThread] WARNING: pipe error: 109: file z:/build/build/src/ipc/chromium/src/chrome/common/ipc_channel_win.cc, line 346
[Child 5588, Chrome_ChildThread] WARNING: pipe error: 109: 
###!!! [Child][MessageChannel::SendAndWait] Error: Channel error: cannot send/recv

R Path Registry from C:\Users\BALJEET SINGH\AppData\Local\openvr\openvrpaths.vrpath
Unable to read VR Path Registry from C:\Users\BALJEET SINGH\AppData\Local\openvr\openvrpaths.vrpath
Unable to read VR Path Registry from C:\Users\BALJEET SINGH\AppData\Local\openvr\openvrpaths.vrpath
1518584966402	Marionette	INFO	Listening on port 51258
1518584966665	Marionette	WARN	TLS certificate errors will be ignored for this session
[Parent 11084, Gecko_IOThread] WARNING: pipe error: 109: file z:/build/build/src/ipc/chromium/src/chrome/common/ipc_channel_win.cc, line 346
[Chi
###!!! [Child][MessageChannel::SendAndWait] Error: Channel error: cannot send/recv

1518586743407	geckodriver	INFO	geckodriver 0.19.1
1518586743449	geckodriver	INFO	Listening on 127.0.0.1:51853
1518586746419	mozrunner::runner	INFO	Running command: "C:\\Program Files (x86)\\Mozilla Firefox\\firefox.exe" "-marionette" "-profile" "C:\\Users\\BALJEE~1\\AppData\\Local\\Temp\\rust_mozprofile.CqFDdbB52Z65"
Unable to read VR Path Registry from C:\Users\BALJEET SINGH\AppData\Local\openvr\openvrpaths.vrpath
1518586748685	Marionette	INFO	Enabled via --marionette
Unable to read VR Path Registry from C:\Users\BALJEET SINGH\AppData\Local\openvr\openvrpaths.vrpath
Unable to read VR Path Registry from C:\Users\BALJEET SINGH\AppData\Local\openvr\openvrpaths.vrpath
Unable to read VR Path Registry from C:\Users\BALJEET SINGH\AppData\Local\openvr\openvrpaths.vrpath
Unable to read VR Path Registry from C:\Users\BALJEET SINGH\AppData\Local\openvr\openvrpaths.vrpath
1518586755065	Marionette	INFO	Listening on port 51861
1518586755910	Marionette	WARN	TLS certificate errors will be ignored for this session
1518586788725	addons.productaddons	WARN	Failed downloading XML, status: 0, reason: error
1518586801063	addons.productaddons	WARN	Failed downloading via XHR, status: 0, reason: error
[Parent 6448, Gecko_IOThread] WARNING: pipe error: 109: file z:/build/build/src/ipc/chromium/src/chrome/common/ipc_channel_win.cc, line 346
[Parent 6448, Gecko_IOThread] WARNING: pipe error: 109: file z:/build/build/src/ipc/chromium/src/chrome/common/ipc_channel_win.cc, line 346
[Child 11308, Chrome_ChildThread] WARNING: pipe error: 109: file z:/build/build/src/ipc/chromium/src/chrome/common/ipc_channel_win.cc, line 346
[Child 11308, Chrome_[Child 3976, Chrome_ChildThread] WARNING: pipe error: 109: file z:/build/build/src/ipc/chromium/src/chrome/common/ipc_channel_win.cc, line 346
[Child 3976, Chrome_Child
###!!! [Child][MessageChannel::SendAndWait] Error: Channel error: cannot send/recv

Path Registry from C:\Users\BALJEET SINGH\AppData\Local\openvr\openvrpaths.vrpath
Unable to read VR Path Registry from C:\Users\BALJEET SINGH\AppData\Local\openvr\openvrpaths.vrpath
Unable to read VR Path Registry from C:\Users\BALJEET SINGH\AppData\Local\openvr\openvrpaths.vrpath
1518587440325	Marionette	INFO	Listening on port 52111
1518587440549	addons.xpi	WARN	Exception running bootstrap method shutdown on activity-stream@mozilla.org: [Exception... "Component returned failure code: 0x80004005 (NS_ERROR_FAILURE) [nsIObserverService.removeObserver]"  nsresult: "0x80004005 (NS_ERROR_FAILURE)"  location: "JS frame :: resource://activity-stream/lib/SnippetsFeed.jsm :: uninit :: line 125"  data: no] Stack trace: uninit()@resource://activity-stream/lib/SnippetsFeed.jsm:125 < onAction()@resource://activity-stream/lib/SnippetsFeed.jsm:141 < _middleware/</<()@resource://activity-stream/lib/Store.jsm:51 < Store/this[method]()@resource://activity-stream/lib/Store.jsm:30 < uninit()@resource://activity-stream/lib/Store.jsm:153 < uninit()@resource://activity-stream/lib/ActivityStream.jsm:278 < uninit()@resource://gre/modules/addons/XPIProvider.jsm -> jar:file:///C:/Program%20Files%20(x86)/Mozilla%20Firefox/browser/features/activity-stream@mozilla.org.xpi!/bootstrap.js:80 < shutdown()@resource://gre/modules/addons/XPIProvider.jsm -> jar:file:///C:/Program%20Files%20(x86)/Mozilla%20Firefox/browser/features/activity-stream@mozilla.org.xpi!/bootstrap.js:196 < callBootstrapMethod()@resource://gre/modules/addons/XPIProvider.jsm:4406 < observe()@resource://gre/modules/addons/XPIProvider.jsm:2270
[Child 1404, Chrome_ChildThread] WARNING: pipe error: 109: file z:/build/build/src/ipc/chromium/src/chrome/common/ipc_channel_win.cc, line 346
[Child 1404, ChroPromise rejected while context is inactive: Message manager disconnected
[Child 1152, Chrome_ChildThread] WARNING: pipe error: 109: file z:/build/build/src/ipc/chromium/src/chrome/common/ipc_channel_win.cc, line 346
[Child 1152, Chrome_Child[Parent 6952, Gecko_IOThread] WARNING: pipe error: 109: file z:/build/build/src/ipc/chromium/src/chrome/common/ipc_channel_win.cc, line 346
[Child 12600, Chrome_ChildThread] WARNING: pipe error: 109: file z:/build/build/src/ipc/chromium/src/chrome/common/ipc_channel_win.cc, line 346
[Child 12600, Chrome*** UTM:SVC TimerManager:registerTimer called after profile-before-change notification. Ignoring timer registration for id: telemetry_modules_ping
JavaScript error: resource://gre/modules/osfile/osfile_async_front.jsm, line 410: Error: OS.File has been shut down. Rejecting post to DirectoryIterator_prototype_close
JavaScript error: resource://gre/modules/ProfileAge.jsm, line 176: Error: Unable to fetch oldest profile entry: Error: OS.File has been shut down. Rejecting request to DirectoryIterator_prototype_next
JavaScript error: resource://gre/modules/osfile/osfile_async_front.jsm, line 410: Error: OS.File has been shut down. Rejecting post to DirectoryIterator_prototype_close
JavaScript error: resource://gre/modules/ProfileAge.jsm, line 176: Error: Unable to fetch oldest profile entry: Error: OS.File has been shut down. Rejecting post to DirectoryIterator_prototype_next

###!!! [Child][MessageChannel::SendAndWait] Error: Channel error: cannot send/recv

1518587497772	geckodriver	INFO	geckodriver 0.19.1
1518587497801	geckodriver	INFO	Listening on 127.0.0.1:52140
1518587931278	geckodriver	INFO	geckodriver 0.19.1
1518587931314	geckodriver	INFO	Listening on 127.0.0.1:52204
1518588162674	geckodriver	INFO	geckodriver 0.19.1
1518588162709	geckodriver	INFO	Listening on 127.0.0.1:52246
1518588189859	geckodriver	INFO	geckodriver 0.19.1
1518588189899	geckodriver	INFO	Listening on 127.0.0.1:52255
1518588192892	mozrunner::runner	INFO	Running command: "C:\\Program Files (x86)\\Mozilla Firefox\\firefox.exe" "-marionette" "-profile" "C:\\Users\\BALJEE~1\\AppData\\Local\\Temp\\rust_mozprofile.oPTE3t4TNVKc"
Unable to read VR Path Registry from C:\Users\BALJEET SINGH\AppData\Local\openvr\openvrpaths.vrpath
1518588195062	Marionette	INFO	Enabled via --marionette
Unable to read VR Path Registry from C:\Users\BALJEET SINGH\AppData\Local\openvr\openvrpaths.vrpath
Unable to read VR Path Registry from C:\Users\BALJEET SINGH\AppData\Local\openvr\openvrpaths.vrpath
Unable to read VR Path Registry from C:\Users\BALJEET SINGH\AppData\Local\openvr\openvrpaths.vrpath
Unable to read VR Path Registry from C:\Users\BALJEET SINGH\AppData\Local\openvr\openvrpaths.vrpath
1518588200987	Marionette	INFO	Listening on port 52264
1518588201649	Marionette	WARN	TLS certificate errors will be ignored for this session
[Parent 7944, Gecko_IOThread] WARNING: pipe error: 109: file z:/build/build/src/ipc/chromium/src/chrome/common/ipc_channel_win.cc, line 346
[Parent 7944, Gecko_IOThread] WARNING: pipe error: 109: file z:/build/build/src/ipc/chromium/src/chrome/common/ipc_channel_win.cc, line 346

###!!! [Child][MessageChannel::SendAndWait] Error: Channel error: cannot send/recv

1518590347251	geckodriver	INFO	geckodriver 0.19.1
1518590347288	geckodriver	INFO	Listening on 127.0.0.1:53886
1518590350271	mozrunner::runner	INFO	Running command: "C:\\Program Files (x86)\\Mozilla Firefox\\firefox.exe" "-marionette" "-profile" "C:\\Users\\BALJEE~1\\AppData\\Local\\Temp\\rust_mozprofile.IqFTDwEYVP1H"
Unable to read VR Path Registry from C:\Users\BALJEET SINGH\AppData\Local\openvr\openvrpaths.vrpath
1518590352386	Marionette	INFO	Enabled via --marionette
Unable to read VR Path Registry from C:\Users\BALJEET SINGH\AppData\Local\openvr\openvrpaths.vrpath
Unable to read VR Path Registry from C:\Users\BALJEET SINGH\AppData\Local\openvr\openvrpaths.vrpath
Unable to read VR Path Registry from C:\Users\BALJEET SINGH\AppData\Local\openvr\openvrpaths.vrpath
Unable to read VR Path Registry from C:\Users\BALJEET SINGH\AppData\Local\openvr\openvrpaths.vrpath
1518590358200	Marionette	INFO	Listening on port 53894
1518590358747	Marionette	WARN	TLS certificate errors will be ignored for this session
[Parent 12456, Gecko_IOThread] WARNING: pipe error: 109: file z:/build/build/src/ipc/chromium/src/chrome/common/ipc_channel_win.cc, line 346
[Parent 12456, Gecko_IOThread] WARNING: pipe error: 109: file z:/build/build/src/ipc/chromium/src/chrome/common/ipc_channel_win.cc, line 346
[Child 3684, Chrome_ChildThread] WARNING: pipe error: 109: file z:/build/build/src/ipc/chromium/src/chrome/common/ipc_channel_win.cc, line 346
[Child 3684, Chrome_Child[Child 7856, Chrome
###!!! [Child][MessageChannel::SendAndWait] Error: Channel error: cannot send/recv

nvrpaths.vrpath
Unable to read VR Path Registry from C:\Users\BALJEET SINGH\AppData\Local\openvr\openvrpaths.vrpath
Unable to read VR Path Registry from C:\Users\BALJEET SINGH\AppData\Local\openvr\openvrpaths.vrpath
Unable to read VR Path Registry from C:\Users\BALJEET SINGH\AppData\Local\openvr\openvrpaths.vrpath
1518590483983	Marionette	INFO	Listening on port 54179
1518590484079	Marionette	WARN	TLS certificate errors will be ignored for this session
[Parent 12856, Gecko_IOThread] WARNING: pipe error: 109: file z:/build/build/src/ipc/chromium/src/chrome/common/ipc_channel_win.cc, line 346
[Parent 12856, Gecko_IOThread] WARNING: pipe error: 109: file z:/build/build/src/ipc/chromium/src/chrome/common/ipc_channel_win.cc, line 346

###!!! [Child][MessageChannel::SendAndWait] Error: Channel error: cannot send/recv

1518601017826	geckodriver	INFO	geckodriver 0.19.1
1518601017882	geckodriver	INFO	Listening on 127.0.0.1:51457
1518601021206	mozrunner::runner	INFO	Running command: "C:\\Program Files\\Mozilla Firefox\\firefox.exe" "-marionette" "-profile" "C:\\Users\\DELL\\AppData\\Local\\Temp\\rust_mozprofile.VRN07SLwtMBF"
1518601028322	Marionette	INFO	Enabled via --marionette
1518601037691	Marionette	INFO	Listening on port 51465
1518601038298	Marionette	WARN	TLS certificate errors will be ignored for this session
Unable to read VR Path Registry from C:\Users\DELL\AppData\Local\openvr\openvrpaths.vrpath
JavaScript error: chrome://browser/content/tabbrowser.xml, line 3970: TypeError: this.tabs is undefined
JavaScript error: chrome://browser/content/tabbrowser.xml, line 3970: TypeError: this.tabs is undefined
JavaScript error: chrome://browser/content/tabbrowser.xml, line 3970: TypeError: this.tabs is undefined
JavaScript error: chrome://browser/content/tabbrowser.xml, line 3970: TypeError: this.tabs is undefined
JavaScript error: jar:file:///C:/Program%20Files/Mozilla%20Firefox/omni.ja!/components/nsAsyncShutdown.js, line 119: Error: We have already registered a distinct blocker with the same name: Crash Reporter: blocking on minidumpgeneration.
[Parent 3960, Gecko_IOThread] WARNING: pipe error: 109: file z:/build/build/src/ipc/chromium/src/chrome/common/ipc_channel_win.cc, line 346
A content process crashed and MOZ_CRASHREPORTER_SHUTDOWN is set, shutting down
[Parent 3960, Gecko_IOThread] WARNING: pipe error: 109: file z:/build/build/src/ipc/chromium/src/chrome/common/ipc_channel_win.cc, line 346
JavaScript error: resource:///modules/sessionstore/SessionSaver.jsm, line 186: NS_ERROR_FAILURE: Component returned failure code: 0x80004005 (NS_ERROR_FAILURE) [nsIAppShellService.hiddenDOMWindow]
n minidumpgeneration.
A content process crashed and MOZ_CRASHREPORTER_SHUTDOWN is set, shutting down
[Parent 8148, Gecko_IOThread] WARNING: pipe error: 109: file z:/build/build/src/ipc/chromium/src/chrome/common/ipc_channel_win.cc, line 346
[Parent 8148, Gecko_IOThread] WARNING: pipe error: 109: file z:/build/build/src/ipc/chromium/src/chrome/common/ipc_channel_win.cc, line 346
Unable to read VR Path Registry from C:\Users\DELL\AppData\Local\openvr\openvrpaths.vrpath
[Child 7956, Chrome_ChildThread] WARNING: pipe error: 109: file z:/build/build/src/ipc/chromium/src/chrome/common/ipc_channel_win.cc, line 346
1518714641935	geckodriver	INFO	geckodriver 0.19.1
1518714641942	geckodriver	INFO	Listening on 127.0.0.1:59644
1518714645319	mozrunner::runner	INFO	Running command: "C:\\Program Files\\Mozilla Firefox\\firefox.exe" "-marionette" "-profile" "C:\\Users\\DELL\\AppData\\Local\\Temp\\rust_mozprofile.hIMP4jjBhPVl"
1518714649046	Marionette	INFO	Enabled via --marionette
1518714656754	Marionette	INFO	Listening on port 59652
1518714657329	Marionette	WARN	TLS certificate errors will be ignored for this session
Unable to read VR Path Registry from C:\Users\DELL\AppData\Local\openvr\openvrpaths.vrpath
[Parent 12296, Gecko_IOThread] WARNING: pipe error: 109: file z:/build/build/src/ipc/chromium/src/chrome/common/ipc_channel_win.cc, line 346
[Parent 12296, Gecko_IOThread] WARNING: pipe error: 109: file z:/build/buil1518714671105	Marionette	INFO	Enabled via --marionette
1518714675464	Marionette	INFO	Listening on port 59682
1518714675867	Marionette	WARN	TLS certificate errors will be ignored for this session
Unable to read VR Path Registry from C:\Users\DELL\AppData\Local\openvr\openvrpaths.vrpath
[Parent 11056, Gecko_IOThread] WARNING: pipe error: 109: file z:/build/build/src/ipc/chromium/src/chrome/common/ipc_channel_win.cc, line 346
[Parent 11056, Gecko_IOThread] WARNING: pipe error: 109: file z:/build/build/src/ipc/chromium/src/chrome/common/ipc_channel_win.cc, line 346
Unable to read VR Path Registry from C:\Users\DELL\AppData\Local\openvr\openvrpaths.vrpath
[Child 11436, Chrome_ChildThread] WARNING: pipe error: 109: file z:/build/build/src/ipc/chromium/src/chrome/common/ipc_channel_win.cc, line 346
Unable to read VR Path Registry from C:\Users\DELL\AppData\Local\openvr\openvrpaths.vrpath
[Child 10760, Chrome_ChildThread] WARNING: pipe error: 109: file z:/build/build/src/ipc/chromium/src/chrome/common/ipc_channel_win.cc, line 346
[Child 10760, Chrome_ChildThread] WARNING: pipe error: 109: file z:/build/build/src/ipc/chromium/src/chrome/common/ipc_channel_win.cc, line 346
Unable to read VR Path Registry from C:\Users\DELL\AppData\Local\openvr\openvrpaths.vrpath
[Child 8024, Chrome_ChildThread] WARNING: pipe error: 109: file z:/build/build/src/ipc/chromium/src/chrome/common/ipc_channel_win.cc, line 346
[Child 8024, Chrome_ChildThread] WARNING: pipe error: 109: file z:/build/build/src/ipc/chromium/src/chrome/common/ipc_channel_win.cc, line 346
*** UTM:SVC TimerManager:registerTimer called after profile-before-change notification. Ignoring timer registration for id: telemetry_modules_ping
Unable to read VR Path Registry from C:\Users\DELL\AppData\Local\openvr\openvrpaths.vrpath
[GPU 7464, Chrome_ChildThread] WARNING: pipe error: 109: file z:/build/build/src/ipc/chromium/src/chrome/common/ipc_channel_win.cc, line 346

###!!! [Child][MessageChannel::SendAndWait] Error: Channel error: cannot send/recv

1519111184075	geckodriver	INFO	geckodriver 0.19.1
1519111184132	geckodriver	INFO	Listening on 127.0.0.1:51802
1519111187030	mozrunner::runner	INFO	Running command: "C:\\Program Files\\Mozilla Firefox\\firefox.exe" "-marionette" "-profile" "C:\\Users\\DELL\\AppData\\Local\\Temp\\rust_mozprofile.zXhGT3EUsTeR"
1519111189280	Marionette	INFO	Enabled via --marionette
1519111196428	Marionette	INFO	Listening on port 51810
1519111196523	Marionette	WARN	TLS certificate errors will be ignored for this session
Unable to read VR Path Registry from C:\Users\DELL\AppData\Local\openvr\openvrpaths.vrpath
[Parent 8180, Gecko_IOThread] WARNING: pipe error: 109: file z:/build/build/src/ipc/chromium/src/chrome/common/ipc_channel_win.cc, line 346
[Parent 8180, Gecko_IOThread] WARNING: pipe error: 109: file z:/build/build/src/ipc/chromium/src/chrome/common/ipc_channel_win.cc, line 346
[Parent 8180, Gecko_IOThread] WARNING: pipe error: 232: file z:/build/build/src/ipc/chromium/src/chrome/common/ipc_channel_win.cc, line 513
[Parent 8180, Gecko_IOThread] WARNING: pipe error: 109: file z:/build/build/src/ipc/chromium/src/chrome/common/ipc_channel_win.cc, line 346
Unable to read VR Path Registry from C:\Users\DELL\AppData\Local\openvr\openvrpaths.vrpath
[Child 7972, Chrome_ChildThread] WARNING: pipe error: 109: file z:/build/build/src/ipc/chromium/src/chrome/common/ipc_channel_win.cc, line 346
e to read VR Path Registry from C:\Users\DELL\AppData\Local\openvr\openvrpaths.vrpath
[Child 5936, Chrome_ChildThread] WARNING: pipe error: 109: file z:/build/build/src/ipc/chromium/src/chrome/common/ipc_channel_win.cc, line 346
Unable to read VR Path Registry from C:\Users\DELL\AppData\Local\openvr\openvrpaths.vrpath
[Child 8444, Chrome_ChildThread] WARNING: pipe error: 109: file z:/build/build/src/ipc/chromium/src/chrome/common/ipc_channel_win.cc, line 346
[Child 8444, Chrome_ChildThread] WARNING: pipe error: 109: file z:/build/build/src/ipc/chromium/src/chrome/common/ipc_channel_win.cc, line 346
Unable to read VR Path Registry from C:\Users\DELL\AppData\Local\openvr\openvrpaths.vrpath
[Child 4196, Chrome_ChildThread] WARNING: pipe error: 109: file z:/build/build/src/ipc/chromium/src/chrome/common/ipc_channel_win.cc, line 346
[Child 4196, Chrome_ChildThread] WARNING: pipe error: 109: file z:/build/build/src/ipc/chromium/src/chrome/common/ipc_channel_win.cc, line 346

###!!! [Child][MessageChannel::SendAndWait] Error: Channel error: cannot send/recv

Unable to read VR Path Registry from C:\Users\DELL\AppData\Local\openvr\openvrpaths.vrpath
1519117145536	geckodriver	INFO	geckodriver 0.19.1
1519117145554	geckodriver	INFO	Listening on 127.0.0.1:57845
1519117148745	mozrunner::runner	INFO	Running command: "C:\\Program Files\\Mozilla Firefox\\firefox.exe" "-marionette" "-profile" "C:\\Users\\DELL\\AppData\\Local\\Temp\\rust_mozprofile.ZRXDHTAN72Zv"
1519117151511	Marionette	INFO	Enabled via --marionette
Unable to read VR Path Registry from C:\Users\DELL\AppData\Local\openvr\openvrpaths.vrpath
JavaScript error: resource://gre/modules/XPCOMUtils.jsm, line 266: TypeError: Cc[aContract] is undefined
1519117156569	Marionette	INFO	Listening on port 57855
1519117156684	Marionette	WARN	TLS certificate errors will be ignored for this session
1519117171510	addons.productaddons	WARN	Failed downloading XML, status: 0, reason: error
1519117172058	addons.productaddons	WARN	Failed downloading via XHR, status: 0, reason: error
Unable to read VR Path Registry from C:\Users\DELL\AppData\Local\openvr\openvrpaths.vrpath
[Child 8692, Chrome_ChildThread] WARNING: pipe error: 109: file z:/build/build/src/ipc/chromium/src/chrome/common/ipc_channel_win.cc, line 346
Unable to read VR Path Registry from C:\Users\DELL\AppData\Local\openvr\openvrpaths.vrpath
[GPU 7480, Chrome_ChildThread] WARNING: pipe error: 109: file z:/build/build/src/ipc/chromium/src/chrome/common/ipc_channel_win.cc, line 346
rtificate errors will be ignored for this session
1519117182690	addons.productaddons	WARN	Failed downloading XML, status: 0, reason: error
1519117183064	addons.productaddons	WARN	Failed downloading via XHR, status: 0, reason: error
[Parent 6516, Gecko_IOThread] WARNING: pipe error: 109: file z:/build/build/src/ipc/chromium/src/chrome/common/ipc_channel_win.cc, line 346
Unable to read VR Path Registry from C:\Users\DELL\AppData\Local\openvr\openvrpaths.vrpath
[Child 6152, Chrome_ChildThread] WARNING: pipe error: 109: file z:/build/build/src/ipc/chromium/src/chrome/common/ipc_channel_win.cc, line 346
[Child 6152, Chrome_ChildThread] WARNING: pipe error: 109: file z:/build/build/src/ipc/chromium/src/chrome/common/ipc_channel_win.cc, line 346
Unable to read VR Path Registry from C:\Users\DELL\AppData\Local\openvr\openvrpaths.vrpath
[Child 9072, Chrome_ChildThread] WARNING: pipe error: 109: file z:/build/build/src/ipc/chromium/src/chrome/common/ipc_channel_win.cc, line 346
1519124463865	geckodriver	INFO	geckodriver 0.19.1
1519124463880	geckodriver	INFO	Listening on 127.0.0.1:60130
1519124466907	mozrunner::runner	INFO	Running command: "C:\\Program Files\\Mozilla Firefox\\firefox.exe" "-marionette" "-profile" "C:\\Users\\DELL\\AppData\\Local\\Temp\\rust_mozprofile.TAjUwCM3bOFP"
1519124470428	Marionette	INFO	Enabled via --marionette
Unable to read VR Path Registry from C:\Users\DELL\AppData\Local\openvr\openvrpaths.vrpath
JavaScript error: resource://gre/modules/XPCOMUtils.jsm, line 266: TypeError: Cc[aContract] is undefined
1519124475356	Marionette	INFO	Listening on port 60138
1519124475535	Marionette	WARN	TLS certificate errors will be ignored for this session
[Parent 6820, Gecko_IOThread] WARNING: pipe error: 109: file z:/build/build/src/ipc/chromium/src/chrome/common/ipc_channel_win.cc, line 346
[Parent 6820, Gecko_IOThread] WARNING: pipe error: 109: file z:/build/build/src/ipc/chromium/src/chrome/common/ipc_channel_win.cc, line 346
Unable to read VR Path Registry from C:\Users\DELL\AppData\Local\openvr\openvrpaths.vrpath
[Child 6724, Chrome_ChildThread] WARNING: pipe error: 109: file z:/build/build/src/ipc/chromium/src/chrome/common/ipc_channel_win.cc, line 346
Unable to read VR Path Registry from C:\Users\DELL\AppData\Local\openvr\openvrpaths.vrpath
[Child 5544, Chrome_ChildThread] WARNING: pipe error: 109: file z:/build/build/src/ipc/chromium/src/chrome/common/ipc_channel_win.cc, line 346
Unable to read VR Path Registry from C:\Users\DELL\AppData\Local\openvr\openvrpaths.vrpath
[Child 8028, Chrome_ChildThread] WARNING: pipe error: 109: file z:/build/build/src/ipc/chromium/src/chrome/common/ipc_channel_win.cc, line 346
*** UTM:SVC TimerManager:registerTimer called after profile-before-change notification. Ignoring timer registration for id: telemetry_modules_ping
Unable to read VR Path Registry from C:\Users\DELL\AppData\Local\openvr\openvrpaths.vrpath
[GPU 7236, Chrome_ChildThread] WARNING: pipe error: 109: file z:/build/build/src/ipc/chromium/src/chrome/common/ipc_channel_win.cc, line 346

###!!! [Child][MessageChannel::SendAndWait] Error: Channel error: cannot send/recv

e error: 109: file z:/build/build/src/ipc/chromium/src/chrome/common/ipc_channel_win.cc, line 346
[Child 9532, Chrome_ChildThread] WARNING: pipe error: 109: file z:/build/build/src/ipc/chromium/src/chrome/common/ipc_channel_win.cc, line 346
*** UTM:SVC TimerManager:registerTimer called after profile-before-change notification. Ignoring timer registration for id: telemetry_modules_ping
Unable to read VR Path Registry from C:\Users\DELL\AppData\Local\openvr\openvrpaths.vrpath
[GPU 9372, Chrome_ChildThread] WARNING: pipe error: 109: file z:/build/build/src/ipc/chromium/src/chrome/common/ipc_channel_win.cc, line 346
1519193112515	geckodriver	INFO	geckodriver 0.19.1
1519193112523	geckodriver	INFO	Listening on 127.0.0.1:61795
1519193115601	mozrunner::runner	INFO	Running command: "C:\\Program Files\\Mozilla Firefox\\firefox.exe" "-marionette" "-profile" "C:\\Users\\DELL\\AppData\\Local\\Temp\\rust_mozprofile.0WHS8Uyj6pbp"
1519193121089	Marionette	INFO	Enabled via --marionette
Unable to read VR Path Registry from C:\Users\DELL\AppData\Local\openvr\openvrpaths.vrpath
[Child 10004, Chrome_ChildThread] WARNING: pipe error: 109: file z:/build/build/src/ipc/chromium/src/chrome/common/ipc_channel_win.cc, line 346
1519193141996	Marionette	INFO	Listening on port 61803
1519193142463	Marionette	WARN	TLS certificate errors will be ignored for this session
Unable to read VR Path Registry from C:\Users\DELL\AppData\Local\openvr\openvrpaths.vrpath
[Child 10272, Chrome_ChildThread] WARNING: pipe error: 109: file z:/build/build/src/ipc/chromium/src/chrome/common/ipc_channel_win.cc, line 346
Unable to read VR Path Registry from C:\Users\DELL\AppData\Local\openvr\openvrpaths.vrpath
[Parent 8104, Gecko_IOThread] WARNING: pipe error: 109: file z:/build/build/src/ipc/chromium/src/chrome/common/ipc_channel_win.cc, line 346
Unable to read VR Path Registry from C:\Users\DELL\AppData\Local\openvr\openvrpaths.vrpath
[Child 10612, Chrome_ChildThread] WARNING: pipe error: 109: file z:/build/build/src/ipc/chromium/src/chrome/common/ipc_channel_win.cc, line 346
Unable to read VR Path Registry from C:\Users\DELL\AppData\Local\openvr\openvrpaths.vrpath
[GPU 9964, Chrome_ChildThread] WARNING: pipe error: 109: file z:/build/build/src/ipc/chromium/src/chrome/common/ipc_channel_win.cc, line 346

###!!! [Child][MessageChannel::SendAndWait] Error: Channel error: cannot send/recv

error: 109: file z:/build/build/src/ipc/chromium/src/chrome/common/ipc_channel_win.cc, line 346
Unable to read VR Path Registry from C:\Users\DELL\AppData\Local\openvr\openvrpaths.vrpath
[Child 10632, Chrome_ChildThread] WARNING: pipe error: 109: file z:/build/build/src/ipc/chromium/src/chrome/common/ipc_channel_win.cc, line 346
*** UTM:SVC TimerManager:registerTimer called after profile-before-change notification. Ignoring timer registration for id: telemetry_modules_ping
Unable to read VR Path Registry from C:\Users\DELL\AppData\Local\openvr\openvrpaths.vrpath
[GPU 10528, Chrome_ChildThread] WARNING: pipe error: 109: file z:/build/build/src/ipc/chromium/src/chrome/common/ipc_channel_win.cc, line 346

###!!! [Child][MessageChannel::SendAndWait] Error: (msgtype=0x4B0006,name=PImageBridge::Msg_WillClose) Channel error: cannot send/recv

Unable to read VR Path Registry from C:\Users\DELL\AppData\Local\openvr\openvrpaths.vrpath
1519195819573	geckodriver	INFO	geckodriver 0.19.1
1519195819589	geckodriver	INFO	Listening on 127.0.0.1:62809
1519195916108	mozrunner::runner	INFO	Running command: "C:\\Program Files\\Mozilla Firefox\\firefox.exe" "-marionette" "-profile" "C:\\Users\\DELL\\AppData\\Local\\Temp\\rust_mozprofile.GxgcQlGbLHj3"
1519195920771	Marionette	INFO	Enabled via --marionette
Unable to read VR Path Registry from C:\Users\DELL\AppData\Local\openvr\openvrpaths.vrpath
[Child 4864, Chrome_ChildThread] WARNING: pipe error: 109: file z:/build/build/src/ipc/chromium/src/chrome/common/ipc_channel_win.cc, line 346
1519195932923	Marionette	INFO	Listening on port 62817
1519195933115	Marionette	WARN	TLS certificate errors will be ignored for this session
1519195943938	addons.productaddons	WARN	Failed downloading XML, status: 0, reason: error
1519195943942	addons.productaddons	WARN	Failed downloading via XHR, status: 0, reason: error
1519195943943	addons.productaddons	WARN	Failed downloading via XHR, status: 0, reason: error
Unable to read VR Path Registry from C:\Users\DELL\AppData\Local\openvr\openvrpaths.vrpath
[Parent 8644, Gecko_IOThread] WARNING: pipe error: 109: file z:/build/build/src/ipc/chromium/src/chrome/common/ipc_channel_win.cc, line 3Unable to read VR Path Registry from C:\Users\DELL\AppData\Local\openvr\openvrpaths.vrpath
[Child 8408, Chrome_ChildThread] WARNING: pipe error: 109: file z:/build/build/src/ipc/chromium/src/chrome/common/ipc_channel_win.cc, line 346
[Child 8408, Chrome_ChildThread] WARNING: pipe error: 109: file z:/build/build/src/ipc/chromium/src/chrome/common/ipc_channel_win.cc, line 346
Unable to read VR Path Registry from C:\Users\DELL\AppData\Local\openvr\openvrpaths.vrpath
[Child 9864, Chrome_ChildThread] WARNING: pipe error: 109: file z:/build/build/src/ipc/chromium/src/chrome/common/ipc_channel_win.cc, line 346
[Child 9864, Chrome_ChildThread] WARNING: pipe error: 109: file z:/build/build/src/ipc/chromium/src/chrome/common/ipc_channel_win.cc, line 346
Unable to read VR Path Registry from C:\Users\DELL\AppData\Local\openvr\openvrpaths.vrpath
[Child 7008, Chrome_ChildThread] WARNING: pipe error: 109: file z:/build/build/src/ipc/chromium/src/chrome/common/ipc_channel_win.cc, line 346
Unable to read VR Path Registry from C:\Users\DELL\AppData\Local\openvr\openvrpaths.vrpath
[GPU 4588, Chrome_ChildThread] WARNING: pipe error: 109: file z:/build/build/src/ipc/chromium/src/chrome/common/ipc_channel_win.cc, line 346
Unable to read VR Path Registry from C:\Users\DELL\AppData\Local\openvr\openvrpaths.vrpath
1519358017108	geckodriver	INFO	geckodriver 0.19.1
1519358017125	geckodriver	INFO	Listening on 127.0.0.1:52808
1519358020106	mozrunner::runner	INFO	Running command: "C:\\Program Files\\Mozilla Firefox\\firefox.exe" "-marionette" "-profile" "C:\\Users\\DELL\\AppData\\Local\\Temp\\rust_mozprofile.ePjIM2SsRmPy"
1519358024694	Marionette	INFO	Enabled via --marionette
1519358032420	Marionette	INFO	Listening on port 52816
1519358033441	Marionette	WARN	TLS certificate errors will be ignored for this session
Unable to read VR Path Registry from C:\Users\DELL\AppData\Local\openvr\openvrpaths.vrpath
[Child 12820, Chrome_ChildThread] WARNING: pipe error: 109: file z:/build/build/src/ipc/chromium/src/chrome/common/ipc_channel_win.cc, line 346
Unable to read VR Path Registry from C:\Users\DELL\AppData\Local\openvr\openvrpaths.vrpath
[Parent 14636, Gecko_IOThread] WARNING: pipe error: 109: file z:/build/build/src/ipc/chromium/src/chrome/common/ipc_channel_win.cc, line 346

###!!! [Child][MessageChannel::SendAndWait] Error: Channel error: cannot send/recv

ppData\Local\openvr\openvrpaths.vrpath
[Child 14740, Chrome_ChildThread] WARNING: pipe error: 109: file z:/build/build/src/ipc/chromium/src/chrome/common/ipc_channel_win.cc, line 346
Unable to read VR Path Registry from C:\Users\DELL\AppData\Local\openvr\openvrpaths.vrpath
[Child 16224, Chrome_ChildThread] WARNING: pipe error: 109: file z:/build/build/src/ipc/chromium/src/chrome/common/ipc_channel_win.cc, line 346

###!!! [Child][MessageChannel::SendAndWait] Error: Channel error: cannot send/recv

Unable to read VR Path Registry from C:\Users\DELL\AppData\Local\openvr\openvrpaths.vrpath
1519358443494	geckodriver	INFO	geckodriver 0.19.1
1519358443511	geckodriver	INFO	Listening on 127.0.0.1:53299
1519358446444	mozrunner::runner	INFO	Running command: "C:\\Program Files\\Mozilla Firefox\\firefox.exe" "-marionette" "-profile" "C:\\Users\\DELL\\AppData\\Local\\Temp\\rust_mozprofile.udFhtaURiqma"
1519358448970	Marionette	INFO	Enabled via --marionette
1519358453653	Marionette	INFO	Listening on port 53307
1519358453868	Marionette	WARN	TLS certificate errors will be ignored for this session
1519358722835	addons.productaddons	WARN	Failed downloading via XHR, status: 0, reason: error
Unable to read VR Path Registry from C:\Users\DELL\AppData\Local\openvr\openvrpaths.vrpath
[Child 13464, Chrome_ChildThread] WARNING: pipe error: 109: file z:/build/build/src/ipc/chromium/src/chrome/common/ipc_channel_win.cc, line 346
Unable to read VR Path Registry from C:\Users\DELL\AppData\Local\openvr\openvrpaths.vrpath
[Child 16300, Chrome_ChildThread] WARNING: pipe error: 109: file z:/build/build/src/Unable to read VR Path Registry from C:\Users\DELL\AppData\Local\openvr\openvrpaths.vrpath
[Child 7512, Chrome_ChildThread] WARNING: pipe error: 109: file z:/build/build/src/ipc/chromium/src/chrome/common/ipc_channel_win.cc, line 346
[Child 7512, Chrome_ChildThread] WARNING: pipe error: 109: file z:/build/build/src/ipc/chromium/src/chrome/common/ipc_channel_win.cc, line 346
Unable to read VR Path Registry from C:\Users\DELL\AppData\Local\openvr\openvrpaths.vrpath
[Child 16568, Chrome_ChildThread] WARNING: pipe error: 109: file z:/build/build/src/ipc/chromium/src/chrome/common/ipc_channel_win.cc, line 346
[Child 16568, Chrome_ChildThread] WARNING: pipe error: 109: file z:/build/build/src/ipc/chromium/src/chrome/common/ipc_channel_win.cc, line 346
Unable to read VR Path Registry from C:\Users\DELL\AppData\Local\openvr\openvrpaths.vrpath
[Child 16544, Chrome_ChildThread] WARNING: pipe error: 109: file z:/build/build/src/ipc/chromium/src/chrome/common/ipc_channel_win.cc, line 346
Unable to read VR Path Registry from C:\Users\DELL\AppData\Local\openvr\openvrpaths.vrpath
1519450857959	geckodriver	INFO	geckodriver 0.19.1
1519450857978	geckodriver	INFO	Listening on 127.0.0.1:51686
1519450860946	mozrunner::runner	INFO	Running command: "C:\\Program Files\\Mozilla Firefox\\firefox.exe" "-marionette" "-profile" "C:\\Users\\DELL\\AppData\\Local\\Temp\\rust_mozprofile.T4KoDUkqKOFg"
1519450865896	Marionette	INFO	Enabled via --marionette
1519450873534	Marionette	INFO	Listening on port 51694
1519450875449	Marionette	WARN	TLS certificate errors will be ignored for this session
Unable to read VR Path Registry from C:\Users\DELL\AppData\Local\openvr\openvrpaths.vrpath
[Child 8028, Chrome_ChildThread] WARNING: pipe error: 109: file z:/build/build/src/ipc/chromium/src/chrome/common/ipc_channel_win.cc, line 346
Unable to read VR Path Registry from C:\Users\DELL\AppData\Local\openvr\openvrpaths.vrpath
[Child 544, Chrome_ChildThread] WARNING: pipe error: 109: file z:/build/build/src/ipc/chromium/src/chrome/common/ipc_channel_win.cc, line 346
[Child 544, Chrome_ChildThread] WARNING: pipe error: 109: file z:/build/build/src/ipc/chromium/src/chrome/common/ipc_channel_win.cc, line 346

###!!! [Child][MessageChannel] Error: (msgtype=0x45001D,name=PHal::Msg_DisableScreenConfigurationNotifications) Channel closing: too late to send/recv, messages will be lost


###!!! [Child][MessageChannel::SendAndWait] Error: Channel error: cannot send/recv

Unable to read VR Path Registry from C:\Users\DELL\AppData\Local\openvr\openvrpaths.vrpath
path
[Parent 9016, Gecko_IOThread] WARNING: pipe error: 109: file z:/build/build/src/ipc/chromium/src/chrome/common/ipc_channel_win.cc, line 346
Unable to read VR Path Registry from C:\Users\DELL\AppData\Local\openvr\openvrpaths.vrpath
[Child 8292, Chrome_ChildThread] WARNING: pipe error: 109: file z:/build/build/src/ipc/chromium/src/chrome/common/ipc_channel_win.cc, line 346
[Child 8292, Chrome_ChildThread] WARNING: pipe error: 109: file z:/build/build/src/ipc/chromium/src/chrome/common/ipc_channel_win.cc, line 346

###!!! [Child][MessageChannel::SendAndWait] Error: Channel error: cannot send/recv

1519519554547	geckodriver	INFO	geckodriver 0.19.1
1519519554565	geckodriver	INFO	Listening on 127.0.0.1:58337
1519519557488	mozrunner::runner	INFO	Running command: "C:\\Program Files\\Mozilla Firefox\\firefox.exe" "-marionette" "-profile" "C:\\Users\\DELL\\AppData\\Local\\Temp\\rust_mozprofile.ytzdE7WT9bC8"
1519519561209	Marionette	INFO	Enabled via --marionette
1519519566472	Marionette	INFO	Listening on port 58345
1519519567017	Marionette	WARN	TLS certificate errors will be ignored for this session
Unable to read VR Path Registry from C:\Users\DELL\AppData\Local\openvr\openvrpaths.vrpath
[Parent 8848, Gecko_IOThread] WARNING: pipe error: 109: file z:/build/build/src/ipc/chromium/src/chrome/common/ipc_channel_win.cc, line 346
Unable to read VR Path Registry from C:\Users\DELL\AppData\Local\openvr\openvrpaths.vrpath
[Child 8036, Chrome_ChildThread] WARNING: pipe error: 109: file z:/build/build/src/ipc/chromium/src/chrome/common/ipc_channel_win.cc, line 346
Unable to read VR Path Registry from C:\Users\DELL\AppData\Local\openvr\openvrpaths.vrpath
[Child 5100, Chrome_ChildThread] WARNING: pipe error: 109: file z:/build/build/src/ipc/chromium/src/chrome/common/ipc_channel_win.cc, line 346
[Child 5100, Chrome_ChildThread] WARNING: pipe error: 109: file z:/build/build/src/ipc/chromium/src/chrome/common/ipc_channel_win.cc, line 346

###!!! [Child][MessageChannel::SendAndWait] Error: (msgtype=0x4B0006,name=PImageBridge::Msg_WillClose) Channel error: cannot send/recv

ome_ChildThread] WARNING: pipe error: 109: file z:/build/build/src/ipc/chromium/src/chrome/common/ipc_channel_win.cc, line 346
[Child 9416, Chrome_ChildThread] WARNING: pipe error: 109: file z:/build/build/src/ipc/chromium/src/chrome/common/ipc_channel_win.cc, line 346
Unable to read VR Path Registry from C:\Users\DELL\AppData\Local\openvr\openvrpaths.vrpath
[Child 7860, Chrome_ChildThread] WARNING: pipe error: 109: file z:/build/build/src/ipc/chromium/src/chrome/common/ipc_channel_win.cc, line 346

###!!! [Child][MessageChannel::SendAndWait] Error: Channel error: cannot send/recv

1519558690506	geckodriver	INFO	geckodriver 0.19.1
1519558690523	geckodriver	INFO	Listening on 127.0.0.1:64656
1519558693599	mozrunner::runner	INFO	Running command: "C:\\Program Files\\Mozilla Firefox\\firefox.exe" "-marionette" "-profile" "C:\\Users\\DELL\\AppData\\Local\\Temp\\rust_mozprofile.IYi4iP88Z5Lk"
1519558697317	Marionette	INFO	Enabled via --marionette
1519558702009	Marionette	INFO	Listening on port 64668
1519558703569	Marionette	WARN	TLS certificate errors will be ignored for this session
Unable to read VR Path Registry from C:\Users\DELL\AppData\Local\openvr\openvrpaths.vrpath
[Child 7908, Chrome_ChildThread] WARNING: pipe error: 109: file z:/build/build/src/ipc/chromium/src/chrome/common/ipc_channel_win.cc, line 346
Unable to read VR Path Registry from C:\Users\DELL\AppData\Local\openvr\openvrpaths.vrpath
[Child 6548, Chrome_ChildThread] WARNING: pipe error: 109: file z:/build/build/src/ipc/chromium/src/chrome/common/ipc_channel_win.cc, line 346
Unable to read VR Path Registry from C:\Users\DELL\AppData\Local\openvr\openvrpaths.vrpath
[Parent 10960, Gecko_IOThread] WARNING: pipe error: 109: file z:/build/build/src/ipc/chromium/src/chrome/common/ipc_channel_win.cc, line 346
e/common/ipc_channel_win.cc, line 346
1519558860392	Marionette	INFO	Listening on port 65141
1519558861606	Marionette	WARN	TLS certificate errors will be ignored for this session
Unable to read VR Path Registry from C:\Users\DELL\AppData\Local\openvr\openvrpaths.vrpath
[Child 11388, Chrome_ChildThread] WARNING: pipe error: 109: file z:/build/build/src/ipc/chromium/src/chrome/common/ipc_channel_win.cc, line 346
Unable to read VR Path Registry from C:\Users\DELL\AppData\Local\openvr\openvrpaths.vrpath
[Child 11884, Chrome_ChildThread] WARNING: pipe error: 109: file z:/build/build/src/ipc/chromium/src/chrome/common/ipc_channel_win.cc, line 346
[Child 11884, Chrome_ChildThread] WARNING: pipe error: 109: file z:/build/build/src/ipc/chromium/src/chrome/common/ipc_channel_win.cc, line 346

###!!! [Child][MessageChannel::SendAndWait] Error: Channel error: cannot send/recv

Unable to read VR Path Registry from C:\Users\DELL\AppData\Local\openvr\openvrpaths.vrpath
